#! /c/Source/iverilog-install/bin/vvp
:ivl_version "12.0 (devel)" "(s20150603-1539-g2693dd32b)";
:ivl_delay_selection "TYPICAL";
:vpi_time_precision + 0;
:vpi_module "C:\iverilog\lib\ivl\system.vpi";
:vpi_module "C:\iverilog\lib\ivl\vhdl_sys.vpi";
:vpi_module "C:\iverilog\lib\ivl\vhdl_textio.vpi";
:vpi_module "C:\iverilog\lib\ivl\v2005_math.vpi";
:vpi_module "C:\iverilog\lib\ivl\va_math.vpi";
S_000001fadf915460 .scope module, "neuron_hidden_tb" "neuron_hidden_tb" 2 3;
 .timescale 0 0;
v000001fadf915780_0 .net/s "a2", 19 0, L_000001fadf8cc160;  1 drivers
v000001fadf915820_0 .var/s "dev", 19 0;
v000001fadf8cc0c0_0 .var/s "mean", 19 0;
S_000001fadf9155f0 .scope module, "dut" "neuron_hidden" 2 9, 3 1 0, S_000001fadf915460;
 .timescale 0 0;
    .port_info 0 /INPUT 20 "mean";
    .port_info 1 /INPUT 20 "dev";
    .port_info 2 /OUTPUT 20 "a2";
v000001fadf8e3530_0 .net "a2", 19 0, L_000001fadf8cc160;  alias, 1 drivers
v000001fadf8e3160_0 .net "dev", 19 0, v000001fadf915820_0;  1 drivers
v000001fadf8ceee0_0 .net "mean", 19 0, v000001fadf8cc0c0_0;  1 drivers
L_000001fadf8cc160 .arith/sum 20, v000001fadf8cc0c0_0, v000001fadf915820_0;
    .scope S_000001fadf915460;
T_0 ;
    %vpi_call 2 17 "$dumpfile", "neuron_hidden_tb.vcd" {0 0 0};
    %vpi_call 2 18 "$dumpvars", 32'sb00000000000000000000000000000000, S_000001fadf915460 {0 0 0};
    %pushi/vec4 16896, 0, 20;
    %store/vec4 v000001fadf8cc0c0_0, 0, 20;
    %pushi/vec4 16640, 0, 20;
    %store/vec4 v000001fadf915820_0, 0, 20;
    %delay 10, 0;
    %vpi_call 2 24 "$finish" {0 0 0};
    %end;
    .thread T_0;
# The file index is used to find the file name in the following table.
:file_names 4;
    "N/A";
    "<interactive>";
    "neuron_hidden_tb.v";
    "./neuron_hidden.v";
